0 info it worked if it ends with ok
1 verbose cli [ '/usr/local/bin/node', '/usr/local/bin/npm', 'publish' ]
2 info using npm@2.15.8
3 info using node@v4.4.7
4 verbose publish [ '.' ]
5 silly cache add args [ '.', null ]
6 verbose cache add spec .
7 silly cache add parsed spec Result {
7 silly cache add   raw: '.',
7 silly cache add   scope: null,
7 silly cache add   name: null,
7 silly cache add   rawSpec: '.',
7 silly cache add   spec: '/Users/Michael/Git/IceWallet',
7 silly cache add   type: 'directory' }
8 verbose addLocalDirectory /Users/Michael/.npm/icewallet/1.1.0/package.tgz not in flight; packing
9 verbose correctMkdir /Users/Michael/.npm correctMkdir not in flight; initializing
10 verbose tar pack [ '/Users/Michael/.npm/icewallet/1.1.0/package.tgz',
10 verbose tar pack   '/Users/Michael/Git/IceWallet' ]
11 verbose tarball /Users/Michael/.npm/icewallet/1.1.0/package.tgz
12 verbose folder /Users/Michael/Git/IceWallet
13 info prepublish icewallet@1.1.0
14 verbose addLocalTarball adding from inside cache /Users/Michael/.npm/icewallet/1.1.0/package.tgz
15 verbose correctMkdir /Users/Michael/.npm correctMkdir not in flight; initializing
16 silly cache afterAdd icewallet@1.1.0
17 verbose afterAdd /Users/Michael/.npm/icewallet/1.1.0/package/package.json not in flight; writing
18 verbose correctMkdir /Users/Michael/.npm correctMkdir not in flight; initializing
19 verbose afterAdd /Users/Michael/.npm/icewallet/1.1.0/package/package.json written
20 silly publish { name: 'icewallet',
20 silly publish   version: '1.1.0',
20 silly publish   description: 'Cold storage enabled command line bitcoin wallet based on bitpay\'s bitcore',
20 silly publish   main: 'index.js',
20 silly publish   directories: { test: 'test' },
20 silly publish   scripts: { test: 'echo "Error: no test specified" && exit 1' },
20 silly publish   repository:
20 silly publish    { type: 'git',
20 silly publish      url: 'git+https://github.com/bijeebuss/icewallet.git' },
20 silly publish   keywords:
20 silly publish    [ 'bitcoin',
20 silly publish      'cold',
20 silly publish      'storage',
20 silly publish      'BIP44',
20 silly publish      'BIP32',
20 silly publish      'bitcoin',
20 silly publish      'wallet' ],
20 silly publish   author: { name: 'Michael Welnick' },
20 silly publish   license: 'ISC',
20 silly publish   dependencies:
20 silly publish    { async: '^2.0.0-rc.6',
20 silly publish      'bitcore-lib': '^0.13.16',
20 silly publish      'bitcore-mnemonic': '^1.1.1',
20 silly publish      cerialize: '^0.1.7',
20 silly publish      commander: '^2.9.0',
20 silly publish      inquirer: '^1.1.2',
20 silly publish      intl: '^1.2.4',
20 silly publish      'qrcode-terminal': '^0.10.0',
20 silly publish      request: '^2.72.0',
20 silly publish      scrypt: '^6.0.3' },
20 silly publish   devDependencies: { tsc: '^1.20150623.0', typescript: '^1.8.10' },
20 silly publish   bin:
20 silly publish    { iwpriv: './bin/src/CommandLine/iwpriv.js',
20 silly publish      iwpub: './bin/src/CommandLine/iwpub.js' },
20 silly publish   readme: '# IceWallet\nCold storage enabled command line bitcoin wallet based on [bitpay\'s bitcore](https://github.com/bitpay/bitcore-lib)\n##Setup\nTo use as a cold storage wallet you will need familiarity with the command line and two computers (if you just want to try it out skip to usage)\n\n1. Your main computer\n2. A small inexpensive computer, preferably with no wifi, such as raspberry pi zero\n\n## Usage\n### Command Line\n#### Creating or importing a wallet\n1. install on both computers\n\n    `npm install icewallet -g`\n\n2. disconnect the cold storage computer from the internet\n\n3. create a new private wallet on the cold storage computer and follow the instructions\n\n    `iwpriv new`\n\n4. after its created, select the option to print the public key\n\n5. create a new public wallet on your main computer and follow the instructions (it will ask for the public key from the previous step)\n\n    `iwpub new`\n\nthats it, now you have a cold storage wallet\n#### Withdraw from cold storage\n1. open the public wallet on your main computer\n\n    `iwpub open`\n\n2. select "Initiate Withdraw" from the menu\n3. choose a path to your usb flash drive\n4. unmount the flash drive then insert it into the cold storage computer\n5. open the private wallet then select "Sign Transaction" from the menu\n\n    `iwpriv open`\n\n6. choose an export path on the flash drive\n7. unmount the flash drive and put it back into the main computer\n8. open the public wallet wallet and choose "Complete Withdraw" from the menu\n\n    `iwpub open`\n\n#### Deposit to cold storage\n1. open the private wallet on the cold storage computer and select deposit from the menu\n\n    `iwpriv open`\n\n2. scan the QR code or copy down the address on the wallet you are sending funds from \n',
20 silly publish   readmeFilename: 'readme.md',
20 silly publish   gitHead: '1e571d4c5ac9d460739403381232c5f4fc977132',
20 silly publish   bugs: { url: 'https://github.com/bijeebuss/icewallet/issues' },
20 silly publish   homepage: 'https://github.com/bijeebuss/icewallet#readme',
20 silly publish   _id: 'icewallet@1.1.0',
20 silly publish   _shasum: 'faba2044c16558bdce5a6a9e42a8af3ef06a1b47',
20 silly publish   _from: '.' }
21 verbose getPublishConfig undefined
22 silly mapToRegistry name icewallet
23 silly mapToRegistry using default registry
24 silly mapToRegistry registry https://registry.npmjs.org/
25 silly mapToRegistry data Result {
25 silly mapToRegistry   raw: 'icewallet',
25 silly mapToRegistry   scope: null,
25 silly mapToRegistry   name: 'icewallet',
25 silly mapToRegistry   rawSpec: '',
25 silly mapToRegistry   spec: 'latest',
25 silly mapToRegistry   type: 'tag' }
26 silly mapToRegistry uri https://registry.npmjs.org/icewallet
27 verbose publish registryBase https://registry.npmjs.org/
28 silly publish uploading /Users/Michael/.npm/icewallet/1.1.0/package.tgz
29 verbose request uri https://registry.npmjs.org/icewallet
30 verbose request sending authorization for write operation
31 info attempt registry request try #1 at 11:54:24 AM
32 verbose request using bearer token for auth
33 verbose request id 866f98fbe7beeb98
34 http request PUT https://registry.npmjs.org/icewallet
35 http 403 https://registry.npmjs.org/icewallet
36 verbose headers { 'content-type': 'application/json',
36 verbose headers   'cache-control': 'max-age=300',
36 verbose headers   'content-length': '95',
36 verbose headers   'accept-ranges': 'bytes',
36 verbose headers   date: 'Sat, 06 Aug 2016 18:51:29 GMT',
36 verbose headers   via: '1.1 varnish',
36 verbose headers   connection: 'keep-alive',
36 verbose headers   'x-served-by': 'cache-sea1925-SEA',
36 verbose headers   'x-cache': 'MISS',
36 verbose headers   'x-cache-hits': '0',
36 verbose headers   'x-timer': 'S1470509489.493042,VS0,VE266',
36 verbose headers   vary: 'Accept-Encoding' }
37 verbose request invalidating /Users/Michael/.npm/registry.npmjs.org/icewallet on PUT
38 error publish Failed PUT 403
39 verbose stack Error: "You cannot publish over the previously published version 1.1.0." : icewallet
39 verbose stack     at makeError (/usr/local/lib/node_modules/npm/node_modules/npm-registry-client/lib/request.js:264:12)
39 verbose stack     at CachingRegistryClient.<anonymous> (/usr/local/lib/node_modules/npm/node_modules/npm-registry-client/lib/request.js:252:14)
39 verbose stack     at Request._callback (/usr/local/lib/node_modules/npm/node_modules/npm-registry-client/lib/request.js:172:14)
39 verbose stack     at Request.self.callback (/usr/local/lib/node_modules/npm/node_modules/request/request.js:200:22)
39 verbose stack     at emitTwo (events.js:87:13)
39 verbose stack     at Request.emit (events.js:172:7)
39 verbose stack     at Request.<anonymous> (/usr/local/lib/node_modules/npm/node_modules/request/request.js:1067:10)
39 verbose stack     at emitOne (events.js:82:20)
39 verbose stack     at Request.emit (events.js:169:7)
39 verbose stack     at IncomingMessage.<anonymous> (/usr/local/lib/node_modules/npm/node_modules/request/request.js:988:12)
40 verbose statusCode 403
41 verbose pkgid icewallet
42 verbose cwd /Users/Michael/Git/IceWallet
43 error Darwin 15.4.0
44 error argv "/usr/local/bin/node" "/usr/local/bin/npm" "publish"
45 error node v4.4.7
46 error npm  v2.15.8
47 error code E403
48 error "You cannot publish over the previously published version 1.1.0." : icewallet
49 error If you need help, you may report this error at:
49 error     <https://github.com/npm/npm/issues>
50 verbose exit [ 1, true ]
